[ERROR] 2015-12-25 19:29:15.883 main [org.springframework.test.context.TestContextManager.prepareTestInstance(TestContextManager.java:215)]
Caught exception while allowing TestExecutionListener [org.springframework.test.context.support.DependencyInjectionTestExecutionListener@625732] to prepare test instance [com.kk.message.KafkaSenderTest@51dcb805]

java.lang.IllegalStateException: Failed to load ApplicationContext
	at org.springframework.test.context.DefaultCacheAwareContextLoaderDelegate.loadContext(DefaultCacheAwareContextLoaderDelegate.java:94)
	at org.springframework.test.context.DefaultTestContext.getApplicationContext(DefaultTestContext.java:72)
	at org.springframework.test.context.support.DependencyInjectionTestExecutionListener.injectDependencies(DependencyInjectionTestExecutionListener.java:117)
	at org.springframework.test.context.support.DependencyInjectionTestExecutionListener.prepareTestInstance(DependencyInjectionTestExecutionListener.java:83)
	at org.springframework.test.context.TestContextManager.prepareTestInstance(TestContextManager.java:212)
	at org.springframework.test.context.junit4.SpringJUnit4ClassRunner.createTest(SpringJUnit4ClassRunner.java:200)
	at org.springframework.test.context.junit4.SpringJUnit4ClassRunner$1.runReflectiveCall(SpringJUnit4ClassRunner.java:252)
	at org.junit.internal.runners.model.ReflectiveCallable.run(ReflectiveCallable.java:12)
	at org.springframework.test.context.junit4.SpringJUnit4ClassRunner.methodBlock(SpringJUnit4ClassRunner.java:254)
	at org.springframework.test.context.junit4.SpringJUnit4ClassRunner.runChild(SpringJUnit4ClassRunner.java:217)
	at org.springframework.test.context.junit4.SpringJUnit4ClassRunner.runChild(SpringJUnit4ClassRunner.java:83)
	at org.junit.runners.ParentRunner$3.run(ParentRunner.java:238)
	at org.junit.runners.ParentRunner$1.schedule(ParentRunner.java:63)
	at org.junit.runners.ParentRunner.runChildren(ParentRunner.java:236)
	at org.junit.runners.ParentRunner.access$000(ParentRunner.java:53)
	at org.junit.runners.ParentRunner$2.evaluate(ParentRunner.java:229)
	at org.springframework.test.context.junit4.statements.RunBeforeTestClassCallbacks.evaluate(RunBeforeTestClassCallbacks.java:61)
	at org.springframework.test.context.junit4.statements.RunAfterTestClassCallbacks.evaluate(RunAfterTestClassCallbacks.java:68)
	at org.junit.runners.ParentRunner.run(ParentRunner.java:309)
	at org.springframework.test.context.junit4.SpringJUnit4ClassRunner.run(SpringJUnit4ClassRunner.java:163)
	at org.eclipse.jdt.internal.junit4.runner.JUnit4TestReference.run(JUnit4TestReference.java:86)
	at org.eclipse.jdt.internal.junit.runner.TestExecution.run(TestExecution.java:38)
	at org.eclipse.jdt.internal.junit.runner.RemoteTestRunner.runTests(RemoteTestRunner.java:459)
	at org.eclipse.jdt.internal.junit.runner.RemoteTestRunner.runTests(RemoteTestRunner.java:675)
	at org.eclipse.jdt.internal.junit.runner.RemoteTestRunner.run(RemoteTestRunner.java:382)
	at org.eclipse.jdt.internal.junit.runner.RemoteTestRunner.main(RemoteTestRunner.java:192)
Caused by: org.springframework.beans.factory.BeanCreationException: Error creating bean with name 'messagSender' defined in class path resource [context.xml]: Invocation of init method failed; nested exception is java.lang.IllegalArgumentException: requirement failed: Missing required property 'metadata.broker.list'
	at org.springframework.beans.factory.support.AbstractAutowireCapableBeanFactory.initializeBean(AbstractAutowireCapableBeanFactory.java:1568)
	at org.springframework.beans.factory.support.AbstractAutowireCapableBeanFactory.doCreateBean(AbstractAutowireCapableBeanFactory.java:540)
	at org.springframework.beans.factory.support.AbstractAutowireCapableBeanFactory.createBean(AbstractAutowireCapableBeanFactory.java:476)
	at org.springframework.beans.factory.support.AbstractBeanFactory$1.getObject(AbstractBeanFactory.java:302)
	at org.springframework.beans.factory.support.DefaultSingletonBeanRegistry.getSingleton(DefaultSingletonBeanRegistry.java:229)
	at org.springframework.beans.factory.support.AbstractBeanFactory.doGetBean(AbstractBeanFactory.java:298)
	at org.springframework.beans.factory.support.AbstractBeanFactory.getBean(AbstractBeanFactory.java:193)
	at org.springframework.beans.factory.support.DefaultListableBeanFactory.preInstantiateSingletons(DefaultListableBeanFactory.java:762)
	at org.springframework.context.support.AbstractApplicationContext.finishBeanFactoryInitialization(AbstractApplicationContext.java:757)
	at org.springframework.context.support.AbstractApplicationContext.refresh(AbstractApplicationContext.java:480)
	at org.springframework.test.context.support.AbstractGenericContextLoader.loadContext(AbstractGenericContextLoader.java:125)
	at org.springframework.test.context.support.AbstractGenericContextLoader.loadContext(AbstractGenericContextLoader.java:60)
	at org.springframework.test.context.support.AbstractDelegatingSmartContextLoader.delegateLoading(AbstractDelegatingSmartContextLoader.java:109)
	at org.springframework.test.context.support.AbstractDelegatingSmartContextLoader.loadContext(AbstractDelegatingSmartContextLoader.java:261)
	at org.springframework.test.context.DefaultCacheAwareContextLoaderDelegate.loadContextInternal(DefaultCacheAwareContextLoaderDelegate.java:68)
	at org.springframework.test.context.DefaultCacheAwareContextLoaderDelegate.loadContext(DefaultCacheAwareContextLoaderDelegate.java:86)
	... 25 more
Caused by: java.lang.IllegalArgumentException: requirement failed: Missing required property 'metadata.broker.list'
	at scala.Predef$.require(Predef.scala:233)
	at kafka.utils.VerifiableProperties.getString(VerifiableProperties.scala:177)
	at kafka.producer.ProducerConfig.<init>(ProducerConfig.scala:66)
	at kafka.producer.ProducerConfig.<init>(ProducerConfig.scala:56)
	at com.kk.message.KafkaSender.afterPropertiesSet(KafkaSender.java:50)
	at org.springframework.beans.factory.support.AbstractAutowireCapableBeanFactory.invokeInitMethods(AbstractAutowireCapableBeanFactory.java:1627)
	at org.springframework.beans.factory.support.AbstractAutowireCapableBeanFactory.initializeBean(AbstractAutowireCapableBeanFactory.java:1564)
	... 40 more
[INFO] 2015-12-25 19:36:54.035 main [org.springframework.test.AbstractSingleSpringContextTests.loadContextLocations(AbstractSingleSpringContextTests.java:177)]
Loading context for locations: classpath:context.xml

[INFO] 2015-12-25 19:38:39.744 main [org.springframework.test.AbstractSingleSpringContextTests.loadContextLocations(AbstractSingleSpringContextTests.java:177)]
Loading context for locations: classpath:context.xml

[INFO] 2015-12-25 19:38:40.459 main [kafka.utils.Logging$class.info(Logging.scala:68)]
Verifying properties

[INFO] 2015-12-25 19:38:40.598 main [kafka.utils.Logging$class.info(Logging.scala:68)]
Property message.send.max.retries is overridden to 5

[INFO] 2015-12-25 19:38:40.599 main [kafka.utils.Logging$class.info(Logging.scala:68)]
Property metadata.broker.list is overridden to 127.0.0.1:9092

[INFO] 2015-12-25 19:38:40.600 main [kafka.utils.Logging$class.info(Logging.scala:68)]
Property request.required.acks is overridden to 1

[INFO] 2015-12-25 19:38:40.600 main [kafka.utils.Logging$class.info(Logging.scala:68)]
Property serializer.class is overridden to kafka.serializer.StringEncoder

[INFO] 2015-12-25 19:38:40.601 main [kafka.utils.Logging$class.info(Logging.scala:68)]
Property topic.metadata.refresh.interval.ms is overridden to 3600000

[INFO] 2015-12-25 19:40:59.184 main [org.springframework.test.AbstractSingleSpringContextTests.loadContextLocations(AbstractSingleSpringContextTests.java:177)]
Loading context for locations: classpath:context.xml

[INFO] 2015-12-25 19:40:59.861 main [kafka.utils.Logging$class.info(Logging.scala:68)]
Verifying properties

[INFO] 2015-12-25 19:40:59.903 main [kafka.utils.Logging$class.info(Logging.scala:68)]
Property message.send.max.retries is overridden to 5

[INFO] 2015-12-25 19:40:59.903 main [kafka.utils.Logging$class.info(Logging.scala:68)]
Property metadata.broker.list is overridden to 127.0.0.1:9092

[INFO] 2015-12-25 19:40:59.904 main [kafka.utils.Logging$class.info(Logging.scala:68)]
Property request.required.acks is overridden to 1

[INFO] 2015-12-25 19:40:59.904 main [kafka.utils.Logging$class.info(Logging.scala:68)]
Property serializer.class is overridden to kafka.serializer.StringEncoder

[INFO] 2015-12-25 19:40:59.905 main [kafka.utils.Logging$class.info(Logging.scala:68)]
Property topic.metadata.refresh.interval.ms is overridden to 3600000

[DEBUG] 2015-12-25 19:41:00.029 main [kafka.utils.Logging$class.debug(Logging.scala:52)]
Handling 1 events

[INFO] 2015-12-25 19:41:00.158 main [kafka.utils.Logging$class.info(Logging.scala:68)]
Fetching metadata from broker id:0,host:127.0.0.1,port:9092 with correlation id 0 for 1 topic(s) Set(topic123)

[INFO] 2015-12-25 19:41:00.310 main [kafka.utils.Logging$class.info(Logging.scala:68)]
Connected to 127.0.0.1:9092 for producing

[INFO] 2015-12-25 19:41:00.313 main [kafka.utils.Logging$class.info(Logging.scala:68)]
Disconnecting from 127.0.0.1:9092

[WARN] 2015-12-25 19:41:00.316 main [kafka.utils.Logging$class.warn(Logging.scala:89)]
Fetching topic metadata with correlation id 0 for topics [Set(topic123)] from broker [id:0,host:127.0.0.1,port:9092] failed

java.nio.channels.ClosedChannelException
	at kafka.network.BlockingChannel.send(BlockingChannel.scala:100)
	at kafka.producer.SyncProducer.liftedTree1$1(SyncProducer.scala:73)
	at kafka.producer.SyncProducer.kafka$producer$SyncProducer$$doSend(SyncProducer.scala:72)
	at kafka.producer.SyncProducer.send(SyncProducer.scala:113)
	at kafka.client.ClientUtils$.fetchTopicMetadata(ClientUtils.scala:58)
	at kafka.producer.BrokerPartitionInfo.updateInfo(BrokerPartitionInfo.scala:82)
	at kafka.producer.async.DefaultEventHandler$$anonfun$handle$1.apply$mcV$sp(DefaultEventHandler.scala:67)
	at kafka.utils.Utils$.swallow(Utils.scala:172)
	at kafka.utils.Logging$class.swallowError(Logging.scala:106)
	at kafka.utils.Utils$.swallowError(Utils.scala:45)
	at kafka.producer.async.DefaultEventHandler.handle(DefaultEventHandler.scala:67)
	at kafka.producer.Producer.send(Producer.scala:77)
	at kafka.javaapi.producer.Producer.send(Producer.scala:33)
	at com.kk.message.KafkaSender.send(KafkaSender.java:38)
	at com.kk.message.KafkaSenderTest.test(KafkaSenderTest.java:29)
	at sun.reflect.NativeMethodAccessorImpl.invoke0(Native Method)
	at sun.reflect.NativeMethodAccessorImpl.invoke(NativeMethodAccessorImpl.java:62)
	at sun.reflect.DelegatingMethodAccessorImpl.invoke(DelegatingMethodAccessorImpl.java:43)
	at java.lang.reflect.Method.invoke(Method.java:497)
	at junit.framework.TestCase.runTest(TestCase.java:176)
	at junit.framework.TestCase.runBare(TestCase.java:141)
	at org.springframework.test.ConditionalTestCase.runBare(ConditionalTestCase.java:69)
	at junit.framework.TestResult$1.protect(TestResult.java:122)
	at junit.framework.TestResult.runProtected(TestResult.java:142)
	at junit.framework.TestResult.run(TestResult.java:125)
	at junit.framework.TestCase.run(TestCase.java:129)
	at junit.framework.TestSuite.runTest(TestSuite.java:255)
	at junit.framework.TestSuite.run(TestSuite.java:250)
	at junit.textui.TestRunner.doRun(TestRunner.java:116)
	at junit.textui.TestRunner.doRun(TestRunner.java:109)
	at junit.textui.TestRunner.run(TestRunner.java:77)
	at junit.textui.TestRunner.run(TestRunner.java:62)
	at com.kk.message.KafkaSenderTest.main(KafkaSenderTest.java:33)
[INFO] 2015-12-25 19:41:00.320 main [kafka.utils.Logging$class.info(Logging.scala:68)]
Disconnecting from 127.0.0.1:9092

[ERROR] 2015-12-25 19:41:00.321 main [kafka.utils.Logging$$anonfun$swallowError$1.apply(Logging.scala:106)]
fetching topic metadata for topics [Set(topic123)] from broker [ArrayBuffer(id:0,host:127.0.0.1,port:9092)] failed

kafka.common.KafkaException: fetching topic metadata for topics [Set(topic123)] from broker [ArrayBuffer(id:0,host:127.0.0.1,port:9092)] failed
	at kafka.client.ClientUtils$.fetchTopicMetadata(ClientUtils.scala:72)
	at kafka.producer.BrokerPartitionInfo.updateInfo(BrokerPartitionInfo.scala:82)
	at kafka.producer.async.DefaultEventHandler$$anonfun$handle$1.apply$mcV$sp(DefaultEventHandler.scala:67)
	at kafka.utils.Utils$.swallow(Utils.scala:172)
	at kafka.utils.Logging$class.swallowError(Logging.scala:106)
	at kafka.utils.Utils$.swallowError(Utils.scala:45)
	at kafka.producer.async.DefaultEventHandler.handle(DefaultEventHandler.scala:67)
	at kafka.producer.Producer.send(Producer.scala:77)
	at kafka.javaapi.producer.Producer.send(Producer.scala:33)
	at com.kk.message.KafkaSender.send(KafkaSender.java:38)
	at com.kk.message.KafkaSenderTest.test(KafkaSenderTest.java:29)
	at sun.reflect.NativeMethodAccessorImpl.invoke0(Native Method)
	at sun.reflect.NativeMethodAccessorImpl.invoke(NativeMethodAccessorImpl.java:62)
	at sun.reflect.DelegatingMethodAccessorImpl.invoke(DelegatingMethodAccessorImpl.java:43)
	at java.lang.reflect.Method.invoke(Method.java:497)
	at junit.framework.TestCase.runTest(TestCase.java:176)
	at junit.framework.TestCase.runBare(TestCase.java:141)
	at org.springframework.test.ConditionalTestCase.runBare(ConditionalTestCase.java:69)
	at junit.framework.TestResult$1.protect(TestResult.java:122)
	at junit.framework.TestResult.runProtected(TestResult.java:142)
	at junit.framework.TestResult.run(TestResult.java:125)
	at junit.framework.TestCase.run(TestCase.java:129)
	at junit.framework.TestSuite.runTest(TestSuite.java:255)
	at junit.framework.TestSuite.run(TestSuite.java:250)
	at junit.textui.TestRunner.doRun(TestRunner.java:116)
	at junit.textui.TestRunner.doRun(TestRunner.java:109)
	at junit.textui.TestRunner.run(TestRunner.java:77)
	at junit.textui.TestRunner.run(TestRunner.java:62)
	at com.kk.message.KafkaSenderTest.main(KafkaSenderTest.java:33)
Caused by: java.nio.channels.ClosedChannelException
	at kafka.network.BlockingChannel.send(BlockingChannel.scala:100)
	at kafka.producer.SyncProducer.liftedTree1$1(SyncProducer.scala:73)
	at kafka.producer.SyncProducer.kafka$producer$SyncProducer$$doSend(SyncProducer.scala:72)
	at kafka.producer.SyncProducer.send(SyncProducer.scala:113)
	at kafka.client.ClientUtils$.fetchTopicMetadata(ClientUtils.scala:58)
	... 28 more
[DEBUG] 2015-12-25 19:41:00.330 main [kafka.utils.Logging$class.debug(Logging.scala:52)]
Getting broker partition info for topic topic123

[INFO] 2015-12-25 19:41:00.331 main [kafka.utils.Logging$class.info(Logging.scala:68)]
Fetching metadata from broker id:0,host:127.0.0.1,port:9092 with correlation id 1 for 1 topic(s) Set(topic123)

[INFO] 2015-12-25 19:41:00.333 main [kafka.utils.Logging$class.info(Logging.scala:68)]
Connected to 127.0.0.1:9092 for producing

[INFO] 2015-12-25 19:41:00.333 main [kafka.utils.Logging$class.info(Logging.scala:68)]
Disconnecting from 127.0.0.1:9092

[WARN] 2015-12-25 19:41:00.334 main [kafka.utils.Logging$class.warn(Logging.scala:89)]
Fetching topic metadata with correlation id 1 for topics [Set(topic123)] from broker [id:0,host:127.0.0.1,port:9092] failed

java.nio.channels.ClosedChannelException
	at kafka.network.BlockingChannel.send(BlockingChannel.scala:100)
	at kafka.producer.SyncProducer.liftedTree1$1(SyncProducer.scala:73)
	at kafka.producer.SyncProducer.kafka$producer$SyncProducer$$doSend(SyncProducer.scala:72)
	at kafka.producer.SyncProducer.send(SyncProducer.scala:113)
	at kafka.client.ClientUtils$.fetchTopicMetadata(ClientUtils.scala:58)
	at kafka.producer.BrokerPartitionInfo.updateInfo(BrokerPartitionInfo.scala:82)
	at kafka.producer.BrokerPartitionInfo.getBrokerPartitionInfo(BrokerPartitionInfo.scala:49)
	at kafka.producer.async.DefaultEventHandler.kafka$producer$async$DefaultEventHandler$$getPartitionListForTopic(DefaultEventHandler.scala:186)
	at kafka.producer.async.DefaultEventHandler$$anonfun$partitionAndCollate$1.apply(DefaultEventHandler.scala:150)
	at kafka.producer.async.DefaultEventHandler$$anonfun$partitionAndCollate$1.apply(DefaultEventHandler.scala:149)
	at scala.collection.mutable.ResizableArray$class.foreach(ResizableArray.scala:59)
	at scala.collection.mutable.ArrayBuffer.foreach(ArrayBuffer.scala:47)
	at kafka.producer.async.DefaultEventHandler.partitionAndCollate(DefaultEventHandler.scala:149)
	at kafka.producer.async.DefaultEventHandler.dispatchSerializedData(DefaultEventHandler.scala:95)
	at kafka.producer.async.DefaultEventHandler.handle(DefaultEventHandler.scala:72)
	at kafka.producer.Producer.send(Producer.scala:77)
	at kafka.javaapi.producer.Producer.send(Producer.scala:33)
	at com.kk.message.KafkaSender.send(KafkaSender.java:38)
	at com.kk.message.KafkaSenderTest.test(KafkaSenderTest.java:29)
	at sun.reflect.NativeMethodAccessorImpl.invoke0(Native Method)
	at sun.reflect.NativeMethodAccessorImpl.invoke(NativeMethodAccessorImpl.java:62)
	at sun.reflect.DelegatingMethodAccessorImpl.invoke(DelegatingMethodAccessorImpl.java:43)
	at java.lang.reflect.Method.invoke(Method.java:497)
	at junit.framework.TestCase.runTest(TestCase.java:176)
	at junit.framework.TestCase.runBare(TestCase.java:141)
	at org.springframework.test.ConditionalTestCase.runBare(ConditionalTestCase.java:69)
	at junit.framework.TestResult$1.protect(TestResult.java:122)
	at junit.framework.TestResult.runProtected(TestResult.java:142)
	at junit.framework.TestResult.run(TestResult.java:125)
	at junit.framework.TestCase.run(TestCase.java:129)
	at junit.framework.TestSuite.runTest(TestSuite.java:255)
	at junit.framework.TestSuite.run(TestSuite.java:250)
	at junit.textui.TestRunner.doRun(TestRunner.java:116)
	at junit.textui.TestRunner.doRun(TestRunner.java:109)
	at junit.textui.TestRunner.run(TestRunner.java:77)
	at junit.textui.TestRunner.run(TestRunner.java:62)
	at com.kk.message.KafkaSenderTest.main(KafkaSenderTest.java:33)
[INFO] 2015-12-25 19:41:00.335 main [kafka.utils.Logging$class.info(Logging.scala:68)]
Disconnecting from 127.0.0.1:9092

[ERROR] 2015-12-25 19:41:00.346 main [kafka.utils.Logging$class.error(Logging.scala:97)]
Failed to collate messages by topic, partition due to: fetching topic metadata for topics [Set(topic123)] from broker [ArrayBuffer(id:0,host:127.0.0.1,port:9092)] failed

[INFO] 2015-12-25 19:41:00.349 main [kafka.utils.Logging$class.info(Logging.scala:68)]
Back off for 100 ms before retrying send. Remaining retries = 5

[INFO] 2015-12-25 19:41:00.452 main [kafka.utils.Logging$class.info(Logging.scala:68)]
Fetching metadata from broker id:0,host:127.0.0.1,port:9092 with correlation id 2 for 1 topic(s) Set(topic123)

[INFO] 2015-12-25 19:41:00.453 main [kafka.utils.Logging$class.info(Logging.scala:68)]
Connected to 127.0.0.1:9092 for producing

[INFO] 2015-12-25 19:41:00.454 main [kafka.utils.Logging$class.info(Logging.scala:68)]
Disconnecting from 127.0.0.1:9092

[WARN] 2015-12-25 19:41:00.455 main [kafka.utils.Logging$class.warn(Logging.scala:89)]
Fetching topic metadata with correlation id 2 for topics [Set(topic123)] from broker [id:0,host:127.0.0.1,port:9092] failed

java.nio.channels.ClosedChannelException
	at kafka.network.BlockingChannel.send(BlockingChannel.scala:100)
	at kafka.producer.SyncProducer.liftedTree1$1(SyncProducer.scala:73)
	at kafka.producer.SyncProducer.kafka$producer$SyncProducer$$doSend(SyncProducer.scala:72)
	at kafka.producer.SyncProducer.send(SyncProducer.scala:113)
	at kafka.client.ClientUtils$.fetchTopicMetadata(ClientUtils.scala:58)
	at kafka.producer.BrokerPartitionInfo.updateInfo(BrokerPartitionInfo.scala:82)
	at kafka.producer.async.DefaultEventHandler$$anonfun$handle$2.apply$mcV$sp(DefaultEventHandler.scala:78)
	at kafka.utils.Utils$.swallow(Utils.scala:172)
	at kafka.utils.Logging$class.swallowError(Logging.scala:106)
	at kafka.utils.Utils$.swallowError(Utils.scala:45)
	at kafka.producer.async.DefaultEventHandler.handle(DefaultEventHandler.scala:78)
	at kafka.producer.Producer.send(Producer.scala:77)
	at kafka.javaapi.producer.Producer.send(Producer.scala:33)
	at com.kk.message.KafkaSender.send(KafkaSender.java:38)
	at com.kk.message.KafkaSenderTest.test(KafkaSenderTest.java:29)
	at sun.reflect.NativeMethodAccessorImpl.invoke0(Native Method)
	at sun.reflect.NativeMethodAccessorImpl.invoke(NativeMethodAccessorImpl.java:62)
	at sun.reflect.DelegatingMethodAccessorImpl.invoke(DelegatingMethodAccessorImpl.java:43)
	at java.lang.reflect.Method.invoke(Method.java:497)
	at junit.framework.TestCase.runTest(TestCase.java:176)
	at junit.framework.TestCase.runBare(TestCase.java:141)
	at org.springframework.test.ConditionalTestCase.runBare(ConditionalTestCase.java:69)
	at junit.framework.TestResult$1.protect(TestResult.java:122)
	at junit.framework.TestResult.runProtected(TestResult.java:142)
	at junit.framework.TestResult.run(TestResult.java:125)
	at junit.framework.TestCase.run(TestCase.java:129)
	at junit.framework.TestSuite.runTest(TestSuite.java:255)
	at junit.framework.TestSuite.run(TestSuite.java:250)
	at junit.textui.TestRunner.doRun(TestRunner.java:116)
	at junit.textui.TestRunner.doRun(TestRunner.java:109)
	at junit.textui.TestRunner.run(TestRunner.java:77)
	at junit.textui.TestRunner.run(TestRunner.java:62)
	at com.kk.message.KafkaSenderTest.main(KafkaSenderTest.java:33)
[INFO] 2015-12-25 19:41:00.457 main [kafka.utils.Logging$class.info(Logging.scala:68)]
Disconnecting from 127.0.0.1:9092

[ERROR] 2015-12-25 19:41:00.458 main [kafka.utils.Logging$$anonfun$swallowError$1.apply(Logging.scala:106)]
fetching topic metadata for topics [Set(topic123)] from broker [ArrayBuffer(id:0,host:127.0.0.1,port:9092)] failed

kafka.common.KafkaException: fetching topic metadata for topics [Set(topic123)] from broker [ArrayBuffer(id:0,host:127.0.0.1,port:9092)] failed
	at kafka.client.ClientUtils$.fetchTopicMetadata(ClientUtils.scala:72)
	at kafka.producer.BrokerPartitionInfo.updateInfo(BrokerPartitionInfo.scala:82)
	at kafka.producer.async.DefaultEventHandler$$anonfun$handle$2.apply$mcV$sp(DefaultEventHandler.scala:78)
	at kafka.utils.Utils$.swallow(Utils.scala:172)
	at kafka.utils.Logging$class.swallowError(Logging.scala:106)
	at kafka.utils.Utils$.swallowError(Utils.scala:45)
	at kafka.producer.async.DefaultEventHandler.handle(DefaultEventHandler.scala:78)
	at kafka.producer.Producer.send(Producer.scala:77)
	at kafka.javaapi.producer.Producer.send(Producer.scala:33)
	at com.kk.message.KafkaSender.send(KafkaSender.java:38)
	at com.kk.message.KafkaSenderTest.test(KafkaSenderTest.java:29)
	at sun.reflect.NativeMethodAccessorImpl.invoke0(Native Method)
	at sun.reflect.NativeMethodAccessorImpl.invoke(NativeMethodAccessorImpl.java:62)
	at sun.reflect.DelegatingMethodAccessorImpl.invoke(DelegatingMethodAccessorImpl.java:43)
	at java.lang.reflect.Method.invoke(Method.java:497)
	at junit.framework.TestCase.runTest(TestCase.java:176)
	at junit.framework.TestCase.runBare(TestCase.java:141)
	at org.springframework.test.ConditionalTestCase.runBare(ConditionalTestCase.java:69)
	at junit.framework.TestResult$1.protect(TestResult.java:122)
	at junit.framework.TestResult.runProtected(TestResult.java:142)
	at junit.framework.TestResult.run(TestResult.java:125)
	at junit.framework.TestCase.run(TestCase.java:129)
	at junit.framework.TestSuite.runTest(TestSuite.java:255)
	at junit.framework.TestSuite.run(TestSuite.java:250)
	at junit.textui.TestRunner.doRun(TestRunner.java:116)
	at junit.textui.TestRunner.doRun(TestRunner.java:109)
	at junit.textui.TestRunner.run(TestRunner.java:77)
	at junit.textui.TestRunner.run(TestRunner.java:62)
	at com.kk.message.KafkaSenderTest.main(KafkaSenderTest.java:33)
Caused by: java.nio.channels.ClosedChannelException
	at kafka.network.BlockingChannel.send(BlockingChannel.scala:100)
	at kafka.producer.SyncProducer.liftedTree1$1(SyncProducer.scala:73)
	at kafka.producer.SyncProducer.kafka$producer$SyncProducer$$doSend(SyncProducer.scala:72)
	at kafka.producer.SyncProducer.send(SyncProducer.scala:113)
	at kafka.client.ClientUtils$.fetchTopicMetadata(ClientUtils.scala:58)
	... 28 more
[DEBUG] 2015-12-25 19:41:00.460 main [kafka.utils.Logging$class.debug(Logging.scala:52)]
Getting broker partition info for topic topic123

[INFO] 2015-12-25 19:41:00.461 main [kafka.utils.Logging$class.info(Logging.scala:68)]
Fetching metadata from broker id:0,host:127.0.0.1,port:9092 with correlation id 3 for 1 topic(s) Set(topic123)

[INFO] 2015-12-25 19:41:00.462 main [kafka.utils.Logging$class.info(Logging.scala:68)]
Connected to 127.0.0.1:9092 for producing

[INFO] 2015-12-25 19:41:00.463 main [kafka.utils.Logging$class.info(Logging.scala:68)]
Disconnecting from 127.0.0.1:9092

[WARN] 2015-12-25 19:41:00.464 main [kafka.utils.Logging$class.warn(Logging.scala:89)]
Fetching topic metadata with correlation id 3 for topics [Set(topic123)] from broker [id:0,host:127.0.0.1,port:9092] failed

java.nio.channels.ClosedChannelException
	at kafka.network.BlockingChannel.send(BlockingChannel.scala:100)
	at kafka.producer.SyncProducer.liftedTree1$1(SyncProducer.scala:73)
	at kafka.producer.SyncProducer.kafka$producer$SyncProducer$$doSend(SyncProducer.scala:72)
	at kafka.producer.SyncProducer.send(SyncProducer.scala:113)
	at kafka.client.ClientUtils$.fetchTopicMetadata(ClientUtils.scala:58)
	at kafka.producer.BrokerPartitionInfo.updateInfo(BrokerPartitionInfo.scala:82)
	at kafka.producer.BrokerPartitionInfo.getBrokerPartitionInfo(BrokerPartitionInfo.scala:49)
	at kafka.producer.async.DefaultEventHandler.kafka$producer$async$DefaultEventHandler$$getPartitionListForTopic(DefaultEventHandler.scala:186)
	at kafka.producer.async.DefaultEventHandler$$anonfun$partitionAndCollate$1.apply(DefaultEventHandler.scala:150)
	at kafka.producer.async.DefaultEventHandler$$anonfun$partitionAndCollate$1.apply(DefaultEventHandler.scala:149)
	at scala.collection.mutable.ResizableArray$class.foreach(ResizableArray.scala:59)
	at scala.collection.mutable.ArrayBuffer.foreach(ArrayBuffer.scala:47)
	at kafka.producer.async.DefaultEventHandler.partitionAndCollate(DefaultEventHandler.scala:149)
	at kafka.producer.async.DefaultEventHandler.dispatchSerializedData(DefaultEventHandler.scala:95)
	at kafka.producer.async.DefaultEventHandler.handle(DefaultEventHandler.scala:72)
	at kafka.producer.Producer.send(Producer.scala:77)
	at kafka.javaapi.producer.Producer.send(Producer.scala:33)
	at com.kk.message.KafkaSender.send(KafkaSender.java:38)
	at com.kk.message.KafkaSenderTest.test(KafkaSenderTest.java:29)
	at sun.reflect.NativeMethodAccessorImpl.invoke0(Native Method)
	at sun.reflect.NativeMethodAccessorImpl.invoke(NativeMethodAccessorImpl.java:62)
	at sun.reflect.DelegatingMethodAccessorImpl.invoke(DelegatingMethodAccessorImpl.java:43)
	at java.lang.reflect.Method.invoke(Method.java:497)
	at junit.framework.TestCase.runTest(TestCase.java:176)
	at junit.framework.TestCase.runBare(TestCase.java:141)
	at org.springframework.test.ConditionalTestCase.runBare(ConditionalTestCase.java:69)
	at junit.framework.TestResult$1.protect(TestResult.java:122)
	at junit.framework.TestResult.runProtected(TestResult.java:142)
	at junit.framework.TestResult.run(TestResult.java:125)
	at junit.framework.TestCase.run(TestCase.java:129)
	at junit.framework.TestSuite.runTest(TestSuite.java:255)
	at junit.framework.TestSuite.run(TestSuite.java:250)
	at junit.textui.TestRunner.doRun(TestRunner.java:116)
	at junit.textui.TestRunner.doRun(TestRunner.java:109)
	at junit.textui.TestRunner.run(TestRunner.java:77)
	at junit.textui.TestRunner.run(TestRunner.java:62)
	at com.kk.message.KafkaSenderTest.main(KafkaSenderTest.java:33)
[INFO] 2015-12-25 19:41:00.465 main [kafka.utils.Logging$class.info(Logging.scala:68)]
Disconnecting from 127.0.0.1:9092

[ERROR] 2015-12-25 19:41:00.466 main [kafka.utils.Logging$class.error(Logging.scala:97)]
Failed to collate messages by topic, partition due to: fetching topic metadata for topics [Set(topic123)] from broker [ArrayBuffer(id:0,host:127.0.0.1,port:9092)] failed

[INFO] 2015-12-25 19:41:00.466 main [kafka.utils.Logging$class.info(Logging.scala:68)]
Back off for 100 ms before retrying send. Remaining retries = 4

[INFO] 2015-12-25 19:41:00.571 main [kafka.utils.Logging$class.info(Logging.scala:68)]
Fetching metadata from broker id:0,host:127.0.0.1,port:9092 with correlation id 4 for 1 topic(s) Set(topic123)

[INFO] 2015-12-25 19:41:00.572 main [kafka.utils.Logging$class.info(Logging.scala:68)]
Connected to 127.0.0.1:9092 for producing

[INFO] 2015-12-25 19:41:00.572 main [kafka.utils.Logging$class.info(Logging.scala:68)]
Disconnecting from 127.0.0.1:9092

[WARN] 2015-12-25 19:41:00.573 main [kafka.utils.Logging$class.warn(Logging.scala:89)]
Fetching topic metadata with correlation id 4 for topics [Set(topic123)] from broker [id:0,host:127.0.0.1,port:9092] failed

java.nio.channels.ClosedChannelException
	at kafka.network.BlockingChannel.send(BlockingChannel.scala:100)
	at kafka.producer.SyncProducer.liftedTree1$1(SyncProducer.scala:73)
	at kafka.producer.SyncProducer.kafka$producer$SyncProducer$$doSend(SyncProducer.scala:72)
	at kafka.producer.SyncProducer.send(SyncProducer.scala:113)
	at kafka.client.ClientUtils$.fetchTopicMetadata(ClientUtils.scala:58)
	at kafka.producer.BrokerPartitionInfo.updateInfo(BrokerPartitionInfo.scala:82)
	at kafka.producer.async.DefaultEventHandler$$anonfun$handle$2.apply$mcV$sp(DefaultEventHandler.scala:78)
	at kafka.utils.Utils$.swallow(Utils.scala:172)
	at kafka.utils.Logging$class.swallowError(Logging.scala:106)
	at kafka.utils.Utils$.swallowError(Utils.scala:45)
	at kafka.producer.async.DefaultEventHandler.handle(DefaultEventHandler.scala:78)
	at kafka.producer.Producer.send(Producer.scala:77)
	at kafka.javaapi.producer.Producer.send(Producer.scala:33)
	at com.kk.message.KafkaSender.send(KafkaSender.java:38)
	at com.kk.message.KafkaSenderTest.test(KafkaSenderTest.java:29)
	at sun.reflect.NativeMethodAccessorImpl.invoke0(Native Method)
	at sun.reflect.NativeMethodAccessorImpl.invoke(NativeMethodAccessorImpl.java:62)
	at sun.reflect.DelegatingMethodAccessorImpl.invoke(DelegatingMethodAccessorImpl.java:43)
	at java.lang.reflect.Method.invoke(Method.java:497)
	at junit.framework.TestCase.runTest(TestCase.java:176)
	at junit.framework.TestCase.runBare(TestCase.java:141)
	at org.springframework.test.ConditionalTestCase.runBare(ConditionalTestCase.java:69)
	at junit.framework.TestResult$1.protect(TestResult.java:122)
	at junit.framework.TestResult.runProtected(TestResult.java:142)
	at junit.framework.TestResult.run(TestResult.java:125)
	at junit.framework.TestCase.run(TestCase.java:129)
	at junit.framework.TestSuite.runTest(TestSuite.java:255)
	at junit.framework.TestSuite.run(TestSuite.java:250)
	at junit.textui.TestRunner.doRun(TestRunner.java:116)
	at junit.textui.TestRunner.doRun(TestRunner.java:109)
	at junit.textui.TestRunner.run(TestRunner.java:77)
	at junit.textui.TestRunner.run(TestRunner.java:62)
	at com.kk.message.KafkaSenderTest.main(KafkaSenderTest.java:33)
[INFO] 2015-12-25 19:41:00.573 main [kafka.utils.Logging$class.info(Logging.scala:68)]
Disconnecting from 127.0.0.1:9092

[ERROR] 2015-12-25 19:41:00.574 main [kafka.utils.Logging$$anonfun$swallowError$1.apply(Logging.scala:106)]
fetching topic metadata for topics [Set(topic123)] from broker [ArrayBuffer(id:0,host:127.0.0.1,port:9092)] failed

kafka.common.KafkaException: fetching topic metadata for topics [Set(topic123)] from broker [ArrayBuffer(id:0,host:127.0.0.1,port:9092)] failed
	at kafka.client.ClientUtils$.fetchTopicMetadata(ClientUtils.scala:72)
	at kafka.producer.BrokerPartitionInfo.updateInfo(BrokerPartitionInfo.scala:82)
	at kafka.producer.async.DefaultEventHandler$$anonfun$handle$2.apply$mcV$sp(DefaultEventHandler.scala:78)
	at kafka.utils.Utils$.swallow(Utils.scala:172)
	at kafka.utils.Logging$class.swallowError(Logging.scala:106)
	at kafka.utils.Utils$.swallowError(Utils.scala:45)
	at kafka.producer.async.DefaultEventHandler.handle(DefaultEventHandler.scala:78)
	at kafka.producer.Producer.send(Producer.scala:77)
	at kafka.javaapi.producer.Producer.send(Producer.scala:33)
	at com.kk.message.KafkaSender.send(KafkaSender.java:38)
	at com.kk.message.KafkaSenderTest.test(KafkaSenderTest.java:29)
	at sun.reflect.NativeMethodAccessorImpl.invoke0(Native Method)
	at sun.reflect.NativeMethodAccessorImpl.invoke(NativeMethodAccessorImpl.java:62)
	at sun.reflect.DelegatingMethodAccessorImpl.invoke(DelegatingMethodAccessorImpl.java:43)
	at java.lang.reflect.Method.invoke(Method.java:497)
	at junit.framework.TestCase.runTest(TestCase.java:176)
	at junit.framework.TestCase.runBare(TestCase.java:141)
	at org.springframework.test.ConditionalTestCase.runBare(ConditionalTestCase.java:69)
	at junit.framework.TestResult$1.protect(TestResult.java:122)
	at junit.framework.TestResult.runProtected(TestResult.java:142)
	at junit.framework.TestResult.run(TestResult.java:125)
	at junit.framework.TestCase.run(TestCase.java:129)
	at junit.framework.TestSuite.runTest(TestSuite.java:255)
	at junit.framework.TestSuite.run(TestSuite.java:250)
	at junit.textui.TestRunner.doRun(TestRunner.java:116)
	at junit.textui.TestRunner.doRun(TestRunner.java:109)
	at junit.textui.TestRunner.run(TestRunner.java:77)
	at junit.textui.TestRunner.run(TestRunner.java:62)
	at com.kk.message.KafkaSenderTest.main(KafkaSenderTest.java:33)
Caused by: java.nio.channels.ClosedChannelException
	at kafka.network.BlockingChannel.send(BlockingChannel.scala:100)
	at kafka.producer.SyncProducer.liftedTree1$1(SyncProducer.scala:73)
	at kafka.producer.SyncProducer.kafka$producer$SyncProducer$$doSend(SyncProducer.scala:72)
	at kafka.producer.SyncProducer.send(SyncProducer.scala:113)
	at kafka.client.ClientUtils$.fetchTopicMetadata(ClientUtils.scala:58)
	... 28 more
[DEBUG] 2015-12-25 19:41:00.574 main [kafka.utils.Logging$class.debug(Logging.scala:52)]
Getting broker partition info for topic topic123

[INFO] 2015-12-25 19:41:00.575 main [kafka.utils.Logging$class.info(Logging.scala:68)]
Fetching metadata from broker id:0,host:127.0.0.1,port:9092 with correlation id 5 for 1 topic(s) Set(topic123)

[INFO] 2015-12-25 19:41:00.576 main [kafka.utils.Logging$class.info(Logging.scala:68)]
Connected to 127.0.0.1:9092 for producing

[INFO] 2015-12-25 19:41:00.576 main [kafka.utils.Logging$class.info(Logging.scala:68)]
Disconnecting from 127.0.0.1:9092

[WARN] 2015-12-25 19:41:00.576 main [kafka.utils.Logging$class.warn(Logging.scala:89)]
Fetching topic metadata with correlation id 5 for topics [Set(topic123)] from broker [id:0,host:127.0.0.1,port:9092] failed

java.nio.channels.ClosedChannelException
	at kafka.network.BlockingChannel.send(BlockingChannel.scala:100)
	at kafka.producer.SyncProducer.liftedTree1$1(SyncProducer.scala:73)
	at kafka.producer.SyncProducer.kafka$producer$SyncProducer$$doSend(SyncProducer.scala:72)
	at kafka.producer.SyncProducer.send(SyncProducer.scala:113)
	at kafka.client.ClientUtils$.fetchTopicMetadata(ClientUtils.scala:58)
	at kafka.producer.BrokerPartitionInfo.updateInfo(BrokerPartitionInfo.scala:82)
	at kafka.producer.BrokerPartitionInfo.getBrokerPartitionInfo(BrokerPartitionInfo.scala:49)
	at kafka.producer.async.DefaultEventHandler.kafka$producer$async$DefaultEventHandler$$getPartitionListForTopic(DefaultEventHandler.scala:186)
	at kafka.producer.async.DefaultEventHandler$$anonfun$partitionAndCollate$1.apply(DefaultEventHandler.scala:150)
	at kafka.producer.async.DefaultEventHandler$$anonfun$partitionAndCollate$1.apply(DefaultEventHandler.scala:149)
	at scala.collection.mutable.ResizableArray$class.foreach(ResizableArray.scala:59)
	at scala.collection.mutable.ArrayBuffer.foreach(ArrayBuffer.scala:47)
	at kafka.producer.async.DefaultEventHandler.partitionAndCollate(DefaultEventHandler.scala:149)
	at kafka.producer.async.DefaultEventHandler.dispatchSerializedData(DefaultEventHandler.scala:95)
	at kafka.producer.async.DefaultEventHandler.handle(DefaultEventHandler.scala:72)
	at kafka.producer.Producer.send(Producer.scala:77)
	at kafka.javaapi.producer.Producer.send(Producer.scala:33)
	at com.kk.message.KafkaSender.send(KafkaSender.java:38)
	at com.kk.message.KafkaSenderTest.test(KafkaSenderTest.java:29)
	at sun.reflect.NativeMethodAccessorImpl.invoke0(Native Method)
	at sun.reflect.NativeMethodAccessorImpl.invoke(NativeMethodAccessorImpl.java:62)
	at sun.reflect.DelegatingMethodAccessorImpl.invoke(DelegatingMethodAccessorImpl.java:43)
	at java.lang.reflect.Method.invoke(Method.java:497)
	at junit.framework.TestCase.runTest(TestCase.java:176)
	at junit.framework.TestCase.runBare(TestCase.java:141)
	at org.springframework.test.ConditionalTestCase.runBare(ConditionalTestCase.java:69)
	at junit.framework.TestResult$1.protect(TestResult.java:122)
	at junit.framework.TestResult.runProtected(TestResult.java:142)
	at junit.framework.TestResult.run(TestResult.java:125)
	at junit.framework.TestCase.run(TestCase.java:129)
	at junit.framework.TestSuite.runTest(TestSuite.java:255)
	at junit.framework.TestSuite.run(TestSuite.java:250)
	at junit.textui.TestRunner.doRun(TestRunner.java:116)
	at junit.textui.TestRunner.doRun(TestRunner.java:109)
	at junit.textui.TestRunner.run(TestRunner.java:77)
	at junit.textui.TestRunner.run(TestRunner.java:62)
	at com.kk.message.KafkaSenderTest.main(KafkaSenderTest.java:33)
[INFO] 2015-12-25 19:41:00.577 main [kafka.utils.Logging$class.info(Logging.scala:68)]
Disconnecting from 127.0.0.1:9092

[ERROR] 2015-12-25 19:41:00.577 main [kafka.utils.Logging$class.error(Logging.scala:97)]
Failed to collate messages by topic, partition due to: fetching topic metadata for topics [Set(topic123)] from broker [ArrayBuffer(id:0,host:127.0.0.1,port:9092)] failed

[INFO] 2015-12-25 19:41:00.578 main [kafka.utils.Logging$class.info(Logging.scala:68)]
Back off for 100 ms before retrying send. Remaining retries = 3

[INFO] 2015-12-25 19:41:00.682 main [kafka.utils.Logging$class.info(Logging.scala:68)]
Fetching metadata from broker id:0,host:127.0.0.1,port:9092 with correlation id 6 for 1 topic(s) Set(topic123)

[INFO] 2015-12-25 19:41:00.684 main [kafka.utils.Logging$class.info(Logging.scala:68)]
Connected to 127.0.0.1:9092 for producing

[INFO] 2015-12-25 19:41:00.684 main [kafka.utils.Logging$class.info(Logging.scala:68)]
Disconnecting from 127.0.0.1:9092

[WARN] 2015-12-25 19:41:00.685 main [kafka.utils.Logging$class.warn(Logging.scala:89)]
Fetching topic metadata with correlation id 6 for topics [Set(topic123)] from broker [id:0,host:127.0.0.1,port:9092] failed

java.nio.channels.ClosedChannelException
	at kafka.network.BlockingChannel.send(BlockingChannel.scala:100)
	at kafka.producer.SyncProducer.liftedTree1$1(SyncProducer.scala:73)
	at kafka.producer.SyncProducer.kafka$producer$SyncProducer$$doSend(SyncProducer.scala:72)
	at kafka.producer.SyncProducer.send(SyncProducer.scala:113)
	at kafka.client.ClientUtils$.fetchTopicMetadata(ClientUtils.scala:58)
	at kafka.producer.BrokerPartitionInfo.updateInfo(BrokerPartitionInfo.scala:82)
	at kafka.producer.async.DefaultEventHandler$$anonfun$handle$2.apply$mcV$sp(DefaultEventHandler.scala:78)
	at kafka.utils.Utils$.swallow(Utils.scala:172)
	at kafka.utils.Logging$class.swallowError(Logging.scala:106)
	at kafka.utils.Utils$.swallowError(Utils.scala:45)
	at kafka.producer.async.DefaultEventHandler.handle(DefaultEventHandler.scala:78)
	at kafka.producer.Producer.send(Producer.scala:77)
	at kafka.javaapi.producer.Producer.send(Producer.scala:33)
	at com.kk.message.KafkaSender.send(KafkaSender.java:38)
	at com.kk.message.KafkaSenderTest.test(KafkaSenderTest.java:29)
	at sun.reflect.NativeMethodAccessorImpl.invoke0(Native Method)
	at sun.reflect.NativeMethodAccessorImpl.invoke(NativeMethodAccessorImpl.java:62)
	at sun.reflect.DelegatingMethodAccessorImpl.invoke(DelegatingMethodAccessorImpl.java:43)
	at java.lang.reflect.Method.invoke(Method.java:497)
	at junit.framework.TestCase.runTest(TestCase.java:176)
	at junit.framework.TestCase.runBare(TestCase.java:141)
	at org.springframework.test.ConditionalTestCase.runBare(ConditionalTestCase.java:69)
	at junit.framework.TestResult$1.protect(TestResult.java:122)
	at junit.framework.TestResult.runProtected(TestResult.java:142)
	at junit.framework.TestResult.run(TestResult.java:125)
	at junit.framework.TestCase.run(TestCase.java:129)
	at junit.framework.TestSuite.runTest(TestSuite.java:255)
	at junit.framework.TestSuite.run(TestSuite.java:250)
	at junit.textui.TestRunner.doRun(TestRunner.java:116)
	at junit.textui.TestRunner.doRun(TestRunner.java:109)
	at junit.textui.TestRunner.run(TestRunner.java:77)
	at junit.textui.TestRunner.run(TestRunner.java:62)
	at com.kk.message.KafkaSenderTest.main(KafkaSenderTest.java:33)
[INFO] 2015-12-25 19:41:00.686 main [kafka.utils.Logging$class.info(Logging.scala:68)]
Disconnecting from 127.0.0.1:9092

[ERROR] 2015-12-25 19:41:00.686 main [kafka.utils.Logging$$anonfun$swallowError$1.apply(Logging.scala:106)]
fetching topic metadata for topics [Set(topic123)] from broker [ArrayBuffer(id:0,host:127.0.0.1,port:9092)] failed

kafka.common.KafkaException: fetching topic metadata for topics [Set(topic123)] from broker [ArrayBuffer(id:0,host:127.0.0.1,port:9092)] failed
	at kafka.client.ClientUtils$.fetchTopicMetadata(ClientUtils.scala:72)
	at kafka.producer.BrokerPartitionInfo.updateInfo(BrokerPartitionInfo.scala:82)
	at kafka.producer.async.DefaultEventHandler$$anonfun$handle$2.apply$mcV$sp(DefaultEventHandler.scala:78)
	at kafka.utils.Utils$.swallow(Utils.scala:172)
	at kafka.utils.Logging$class.swallowError(Logging.scala:106)
	at kafka.utils.Utils$.swallowError(Utils.scala:45)
	at kafka.producer.async.DefaultEventHandler.handle(DefaultEventHandler.scala:78)
	at kafka.producer.Producer.send(Producer.scala:77)
	at kafka.javaapi.producer.Producer.send(Producer.scala:33)
	at com.kk.message.KafkaSender.send(KafkaSender.java:38)
	at com.kk.message.KafkaSenderTest.test(KafkaSenderTest.java:29)
	at sun.reflect.NativeMethodAccessorImpl.invoke0(Native Method)
	at sun.reflect.NativeMethodAccessorImpl.invoke(NativeMethodAccessorImpl.java:62)
	at sun.reflect.DelegatingMethodAccessorImpl.invoke(DelegatingMethodAccessorImpl.java:43)
	at java.lang.reflect.Method.invoke(Method.java:497)
	at junit.framework.TestCase.runTest(TestCase.java:176)
	at junit.framework.TestCase.runBare(TestCase.java:141)
	at org.springframework.test.ConditionalTestCase.runBare(ConditionalTestCase.java:69)
	at junit.framework.TestResult$1.protect(TestResult.java:122)
	at junit.framework.TestResult.runProtected(TestResult.java:142)
	at junit.framework.TestResult.run(TestResult.java:125)
	at junit.framework.TestCase.run(TestCase.java:129)
	at junit.framework.TestSuite.runTest(TestSuite.java:255)
	at junit.framework.TestSuite.run(TestSuite.java:250)
	at junit.textui.TestRunner.doRun(TestRunner.java:116)
	at junit.textui.TestRunner.doRun(TestRunner.java:109)
	at junit.textui.TestRunner.run(TestRunner.java:77)
	at junit.textui.TestRunner.run(TestRunner.java:62)
	at com.kk.message.KafkaSenderTest.main(KafkaSenderTest.java:33)
Caused by: java.nio.channels.ClosedChannelException
	at kafka.network.BlockingChannel.send(BlockingChannel.scala:100)
	at kafka.producer.SyncProducer.liftedTree1$1(SyncProducer.scala:73)
	at kafka.producer.SyncProducer.kafka$producer$SyncProducer$$doSend(SyncProducer.scala:72)
	at kafka.producer.SyncProducer.send(SyncProducer.scala:113)
	at kafka.client.ClientUtils$.fetchTopicMetadata(ClientUtils.scala:58)
	... 28 more
[DEBUG] 2015-12-25 19:41:00.688 main [kafka.utils.Logging$class.debug(Logging.scala:52)]
Getting broker partition info for topic topic123

[INFO] 2015-12-25 19:41:00.690 main [kafka.utils.Logging$class.info(Logging.scala:68)]
Fetching metadata from broker id:0,host:127.0.0.1,port:9092 with correlation id 7 for 1 topic(s) Set(topic123)

[INFO] 2015-12-25 19:41:00.691 main [kafka.utils.Logging$class.info(Logging.scala:68)]
Connected to 127.0.0.1:9092 for producing

[INFO] 2015-12-25 19:41:00.692 main [kafka.utils.Logging$class.info(Logging.scala:68)]
Disconnecting from 127.0.0.1:9092

[WARN] 2015-12-25 19:41:00.693 main [kafka.utils.Logging$class.warn(Logging.scala:89)]
Fetching topic metadata with correlation id 7 for topics [Set(topic123)] from broker [id:0,host:127.0.0.1,port:9092] failed

java.nio.channels.ClosedChannelException
	at kafka.network.BlockingChannel.send(BlockingChannel.scala:100)
	at kafka.producer.SyncProducer.liftedTree1$1(SyncProducer.scala:73)
	at kafka.producer.SyncProducer.kafka$producer$SyncProducer$$doSend(SyncProducer.scala:72)
	at kafka.producer.SyncProducer.send(SyncProducer.scala:113)
	at kafka.client.ClientUtils$.fetchTopicMetadata(ClientUtils.scala:58)
	at kafka.producer.BrokerPartitionInfo.updateInfo(BrokerPartitionInfo.scala:82)
	at kafka.producer.BrokerPartitionInfo.getBrokerPartitionInfo(BrokerPartitionInfo.scala:49)
	at kafka.producer.async.DefaultEventHandler.kafka$producer$async$DefaultEventHandler$$getPartitionListForTopic(DefaultEventHandler.scala:186)
	at kafka.producer.async.DefaultEventHandler$$anonfun$partitionAndCollate$1.apply(DefaultEventHandler.scala:150)
	at kafka.producer.async.DefaultEventHandler$$anonfun$partitionAndCollate$1.apply(DefaultEventHandler.scala:149)
	at scala.collection.mutable.ResizableArray$class.foreach(ResizableArray.scala:59)
	at scala.collection.mutable.ArrayBuffer.foreach(ArrayBuffer.scala:47)
	at kafka.producer.async.DefaultEventHandler.partitionAndCollate(DefaultEventHandler.scala:149)
	at kafka.producer.async.DefaultEventHandler.dispatchSerializedData(DefaultEventHandler.scala:95)
	at kafka.producer.async.DefaultEventHandler.handle(DefaultEventHandler.scala:72)
	at kafka.producer.Producer.send(Producer.scala:77)
	at kafka.javaapi.producer.Producer.send(Producer.scala:33)
	at com.kk.message.KafkaSender.send(KafkaSender.java:38)
	at com.kk.message.KafkaSenderTest.test(KafkaSenderTest.java:29)
	at sun.reflect.NativeMethodAccessorImpl.invoke0(Native Method)
	at sun.reflect.NativeMethodAccessorImpl.invoke(NativeMethodAccessorImpl.java:62)
	at sun.reflect.DelegatingMethodAccessorImpl.invoke(DelegatingMethodAccessorImpl.java:43)
	at java.lang.reflect.Method.invoke(Method.java:497)
	at junit.framework.TestCase.runTest(TestCase.java:176)
	at junit.framework.TestCase.runBare(TestCase.java:141)
	at org.springframework.test.ConditionalTestCase.runBare(ConditionalTestCase.java:69)
	at junit.framework.TestResult$1.protect(TestResult.java:122)
	at junit.framework.TestResult.runProtected(TestResult.java:142)
	at junit.framework.TestResult.run(TestResult.java:125)
	at junit.framework.TestCase.run(TestCase.java:129)
	at junit.framework.TestSuite.runTest(TestSuite.java:255)
	at junit.framework.TestSuite.run(TestSuite.java:250)
	at junit.textui.TestRunner.doRun(TestRunner.java:116)
	at junit.textui.TestRunner.doRun(TestRunner.java:109)
	at junit.textui.TestRunner.run(TestRunner.java:77)
	at junit.textui.TestRunner.run(TestRunner.java:62)
	at com.kk.message.KafkaSenderTest.main(KafkaSenderTest.java:33)
[INFO] 2015-12-25 19:41:00.694 main [kafka.utils.Logging$class.info(Logging.scala:68)]
Disconnecting from 127.0.0.1:9092

[ERROR] 2015-12-25 19:41:00.694 main [kafka.utils.Logging$class.error(Logging.scala:97)]
Failed to collate messages by topic, partition due to: fetching topic metadata for topics [Set(topic123)] from broker [ArrayBuffer(id:0,host:127.0.0.1,port:9092)] failed

[INFO] 2015-12-25 19:41:00.695 main [kafka.utils.Logging$class.info(Logging.scala:68)]
Back off for 100 ms before retrying send. Remaining retries = 2

[INFO] 2015-12-25 19:41:00.798 main [kafka.utils.Logging$class.info(Logging.scala:68)]
Fetching metadata from broker id:0,host:127.0.0.1,port:9092 with correlation id 8 for 1 topic(s) Set(topic123)

[INFO] 2015-12-25 19:41:00.800 main [kafka.utils.Logging$class.info(Logging.scala:68)]
Connected to 127.0.0.1:9092 for producing

[INFO] 2015-12-25 19:41:00.800 main [kafka.utils.Logging$class.info(Logging.scala:68)]
Disconnecting from 127.0.0.1:9092

[WARN] 2015-12-25 19:41:00.801 main [kafka.utils.Logging$class.warn(Logging.scala:89)]
Fetching topic metadata with correlation id 8 for topics [Set(topic123)] from broker [id:0,host:127.0.0.1,port:9092] failed

java.nio.channels.ClosedChannelException
	at kafka.network.BlockingChannel.send(BlockingChannel.scala:100)
	at kafka.producer.SyncProducer.liftedTree1$1(SyncProducer.scala:73)
	at kafka.producer.SyncProducer.kafka$producer$SyncProducer$$doSend(SyncProducer.scala:72)
	at kafka.producer.SyncProducer.send(SyncProducer.scala:113)
	at kafka.client.ClientUtils$.fetchTopicMetadata(ClientUtils.scala:58)
	at kafka.producer.BrokerPartitionInfo.updateInfo(BrokerPartitionInfo.scala:82)
	at kafka.producer.async.DefaultEventHandler$$anonfun$handle$2.apply$mcV$sp(DefaultEventHandler.scala:78)
	at kafka.utils.Utils$.swallow(Utils.scala:172)
	at kafka.utils.Logging$class.swallowError(Logging.scala:106)
	at kafka.utils.Utils$.swallowError(Utils.scala:45)
	at kafka.producer.async.DefaultEventHandler.handle(DefaultEventHandler.scala:78)
	at kafka.producer.Producer.send(Producer.scala:77)
	at kafka.javaapi.producer.Producer.send(Producer.scala:33)
	at com.kk.message.KafkaSender.send(KafkaSender.java:38)
	at com.kk.message.KafkaSenderTest.test(KafkaSenderTest.java:29)
	at sun.reflect.NativeMethodAccessorImpl.invoke0(Native Method)
	at sun.reflect.NativeMethodAccessorImpl.invoke(NativeMethodAccessorImpl.java:62)
	at sun.reflect.DelegatingMethodAccessorImpl.invoke(DelegatingMethodAccessorImpl.java:43)
	at java.lang.reflect.Method.invoke(Method.java:497)
	at junit.framework.TestCase.runTest(TestCase.java:176)
	at junit.framework.TestCase.runBare(TestCase.java:141)
	at org.springframework.test.ConditionalTestCase.runBare(ConditionalTestCase.java:69)
	at junit.framework.TestResult$1.protect(TestResult.java:122)
	at junit.framework.TestResult.runProtected(TestResult.java:142)
	at junit.framework.TestResult.run(TestResult.java:125)
	at junit.framework.TestCase.run(TestCase.java:129)
	at junit.framework.TestSuite.runTest(TestSuite.java:255)
	at junit.framework.TestSuite.run(TestSuite.java:250)
	at junit.textui.TestRunner.doRun(TestRunner.java:116)
	at junit.textui.TestRunner.doRun(TestRunner.java:109)
	at junit.textui.TestRunner.run(TestRunner.java:77)
	at junit.textui.TestRunner.run(TestRunner.java:62)
	at com.kk.message.KafkaSenderTest.main(KafkaSenderTest.java:33)
[INFO] 2015-12-25 19:41:00.801 main [kafka.utils.Logging$class.info(Logging.scala:68)]
Disconnecting from 127.0.0.1:9092

[ERROR] 2015-12-25 19:41:00.802 main [kafka.utils.Logging$$anonfun$swallowError$1.apply(Logging.scala:106)]
fetching topic metadata for topics [Set(topic123)] from broker [ArrayBuffer(id:0,host:127.0.0.1,port:9092)] failed

kafka.common.KafkaException: fetching topic metadata for topics [Set(topic123)] from broker [ArrayBuffer(id:0,host:127.0.0.1,port:9092)] failed
	at kafka.client.ClientUtils$.fetchTopicMetadata(ClientUtils.scala:72)
	at kafka.producer.BrokerPartitionInfo.updateInfo(BrokerPartitionInfo.scala:82)
	at kafka.producer.async.DefaultEventHandler$$anonfun$handle$2.apply$mcV$sp(DefaultEventHandler.scala:78)
	at kafka.utils.Utils$.swallow(Utils.scala:172)
	at kafka.utils.Logging$class.swallowError(Logging.scala:106)
	at kafka.utils.Utils$.swallowError(Utils.scala:45)
	at kafka.producer.async.DefaultEventHandler.handle(DefaultEventHandler.scala:78)
	at kafka.producer.Producer.send(Producer.scala:77)
	at kafka.javaapi.producer.Producer.send(Producer.scala:33)
	at com.kk.message.KafkaSender.send(KafkaSender.java:38)
	at com.kk.message.KafkaSenderTest.test(KafkaSenderTest.java:29)
	at sun.reflect.NativeMethodAccessorImpl.invoke0(Native Method)
	at sun.reflect.NativeMethodAccessorImpl.invoke(NativeMethodAccessorImpl.java:62)
	at sun.reflect.DelegatingMethodAccessorImpl.invoke(DelegatingMethodAccessorImpl.java:43)
	at java.lang.reflect.Method.invoke(Method.java:497)
	at junit.framework.TestCase.runTest(TestCase.java:176)
	at junit.framework.TestCase.runBare(TestCase.java:141)
	at org.springframework.test.ConditionalTestCase.runBare(ConditionalTestCase.java:69)
	at junit.framework.TestResult$1.protect(TestResult.java:122)
	at junit.framework.TestResult.runProtected(TestResult.java:142)
	at junit.framework.TestResult.run(TestResult.java:125)
	at junit.framework.TestCase.run(TestCase.java:129)
	at junit.framework.TestSuite.runTest(TestSuite.java:255)
	at junit.framework.TestSuite.run(TestSuite.java:250)
	at junit.textui.TestRunner.doRun(TestRunner.java:116)
	at junit.textui.TestRunner.doRun(TestRunner.java:109)
	at junit.textui.TestRunner.run(TestRunner.java:77)
	at junit.textui.TestRunner.run(TestRunner.java:62)
	at com.kk.message.KafkaSenderTest.main(KafkaSenderTest.java:33)
Caused by: java.nio.channels.ClosedChannelException
	at kafka.network.BlockingChannel.send(BlockingChannel.scala:100)
	at kafka.producer.SyncProducer.liftedTree1$1(SyncProducer.scala:73)
	at kafka.producer.SyncProducer.kafka$producer$SyncProducer$$doSend(SyncProducer.scala:72)
	at kafka.producer.SyncProducer.send(SyncProducer.scala:113)
	at kafka.client.ClientUtils$.fetchTopicMetadata(ClientUtils.scala:58)
	... 28 more
[DEBUG] 2015-12-25 19:41:00.803 main [kafka.utils.Logging$class.debug(Logging.scala:52)]
Getting broker partition info for topic topic123

[INFO] 2015-12-25 19:41:00.804 main [kafka.utils.Logging$class.info(Logging.scala:68)]
Fetching metadata from broker id:0,host:127.0.0.1,port:9092 with correlation id 9 for 1 topic(s) Set(topic123)

[INFO] 2015-12-25 19:41:00.805 main [kafka.utils.Logging$class.info(Logging.scala:68)]
Connected to 127.0.0.1:9092 for producing

[INFO] 2015-12-25 19:41:00.805 main [kafka.utils.Logging$class.info(Logging.scala:68)]
Disconnecting from 127.0.0.1:9092

[WARN] 2015-12-25 19:41:00.806 main [kafka.utils.Logging$class.warn(Logging.scala:89)]
Fetching topic metadata with correlation id 9 for topics [Set(topic123)] from broker [id:0,host:127.0.0.1,port:9092] failed

java.nio.channels.ClosedChannelException
	at kafka.network.BlockingChannel.send(BlockingChannel.scala:100)
	at kafka.producer.SyncProducer.liftedTree1$1(SyncProducer.scala:73)
	at kafka.producer.SyncProducer.kafka$producer$SyncProducer$$doSend(SyncProducer.scala:72)
	at kafka.producer.SyncProducer.send(SyncProducer.scala:113)
	at kafka.client.ClientUtils$.fetchTopicMetadata(ClientUtils.scala:58)
	at kafka.producer.BrokerPartitionInfo.updateInfo(BrokerPartitionInfo.scala:82)
	at kafka.producer.BrokerPartitionInfo.getBrokerPartitionInfo(BrokerPartitionInfo.scala:49)
	at kafka.producer.async.DefaultEventHandler.kafka$producer$async$DefaultEventHandler$$getPartitionListForTopic(DefaultEventHandler.scala:186)
	at kafka.producer.async.DefaultEventHandler$$anonfun$partitionAndCollate$1.apply(DefaultEventHandler.scala:150)
	at kafka.producer.async.DefaultEventHandler$$anonfun$partitionAndCollate$1.apply(DefaultEventHandler.scala:149)
	at scala.collection.mutable.ResizableArray$class.foreach(ResizableArray.scala:59)
	at scala.collection.mutable.ArrayBuffer.foreach(ArrayBuffer.scala:47)
	at kafka.producer.async.DefaultEventHandler.partitionAndCollate(DefaultEventHandler.scala:149)
	at kafka.producer.async.DefaultEventHandler.dispatchSerializedData(DefaultEventHandler.scala:95)
	at kafka.producer.async.DefaultEventHandler.handle(DefaultEventHandler.scala:72)
	at kafka.producer.Producer.send(Producer.scala:77)
	at kafka.javaapi.producer.Producer.send(Producer.scala:33)
	at com.kk.message.KafkaSender.send(KafkaSender.java:38)
	at com.kk.message.KafkaSenderTest.test(KafkaSenderTest.java:29)
	at sun.reflect.NativeMethodAccessorImpl.invoke0(Native Method)
	at sun.reflect.NativeMethodAccessorImpl.invoke(NativeMethodAccessorImpl.java:62)
	at sun.reflect.DelegatingMethodAccessorImpl.invoke(DelegatingMethodAccessorImpl.java:43)
	at java.lang.reflect.Method.invoke(Method.java:497)
	at junit.framework.TestCase.runTest(TestCase.java:176)
	at junit.framework.TestCase.runBare(TestCase.java:141)
	at org.springframework.test.ConditionalTestCase.runBare(ConditionalTestCase.java:69)
	at junit.framework.TestResult$1.protect(TestResult.java:122)
	at junit.framework.TestResult.runProtected(TestResult.java:142)
	at junit.framework.TestResult.run(TestResult.java:125)
	at junit.framework.TestCase.run(TestCase.java:129)
	at junit.framework.TestSuite.runTest(TestSuite.java:255)
	at junit.framework.TestSuite.run(TestSuite.java:250)
	at junit.textui.TestRunner.doRun(TestRunner.java:116)
	at junit.textui.TestRunner.doRun(TestRunner.java:109)
	at junit.textui.TestRunner.run(TestRunner.java:77)
	at junit.textui.TestRunner.run(TestRunner.java:62)
	at com.kk.message.KafkaSenderTest.main(KafkaSenderTest.java:33)
[INFO] 2015-12-25 19:41:00.806 main [kafka.utils.Logging$class.info(Logging.scala:68)]
Disconnecting from 127.0.0.1:9092

[ERROR] 2015-12-25 19:41:00.807 main [kafka.utils.Logging$class.error(Logging.scala:97)]
Failed to collate messages by topic, partition due to: fetching topic metadata for topics [Set(topic123)] from broker [ArrayBuffer(id:0,host:127.0.0.1,port:9092)] failed

[INFO] 2015-12-25 19:41:00.808 main [kafka.utils.Logging$class.info(Logging.scala:68)]
Back off for 100 ms before retrying send. Remaining retries = 1

[INFO] 2015-12-25 19:41:00.913 main [kafka.utils.Logging$class.info(Logging.scala:68)]
Fetching metadata from broker id:0,host:127.0.0.1,port:9092 with correlation id 10 for 1 topic(s) Set(topic123)

[INFO] 2015-12-25 19:41:00.914 main [kafka.utils.Logging$class.info(Logging.scala:68)]
Connected to 127.0.0.1:9092 for producing

[INFO] 2015-12-25 19:41:00.915 main [kafka.utils.Logging$class.info(Logging.scala:68)]
Disconnecting from 127.0.0.1:9092

[WARN] 2015-12-25 19:41:00.916 main [kafka.utils.Logging$class.warn(Logging.scala:89)]
Fetching topic metadata with correlation id 10 for topics [Set(topic123)] from broker [id:0,host:127.0.0.1,port:9092] failed

java.nio.channels.ClosedChannelException
	at kafka.network.BlockingChannel.send(BlockingChannel.scala:100)
	at kafka.producer.SyncProducer.liftedTree1$1(SyncProducer.scala:73)
	at kafka.producer.SyncProducer.kafka$producer$SyncProducer$$doSend(SyncProducer.scala:72)
	at kafka.producer.SyncProducer.send(SyncProducer.scala:113)
	at kafka.client.ClientUtils$.fetchTopicMetadata(ClientUtils.scala:58)
	at kafka.producer.BrokerPartitionInfo.updateInfo(BrokerPartitionInfo.scala:82)
	at kafka.producer.async.DefaultEventHandler$$anonfun$handle$2.apply$mcV$sp(DefaultEventHandler.scala:78)
	at kafka.utils.Utils$.swallow(Utils.scala:172)
	at kafka.utils.Logging$class.swallowError(Logging.scala:106)
	at kafka.utils.Utils$.swallowError(Utils.scala:45)
	at kafka.producer.async.DefaultEventHandler.handle(DefaultEventHandler.scala:78)
	at kafka.producer.Producer.send(Producer.scala:77)
	at kafka.javaapi.producer.Producer.send(Producer.scala:33)
	at com.kk.message.KafkaSender.send(KafkaSender.java:38)
	at com.kk.message.KafkaSenderTest.test(KafkaSenderTest.java:29)
	at sun.reflect.NativeMethodAccessorImpl.invoke0(Native Method)
	at sun.reflect.NativeMethodAccessorImpl.invoke(NativeMethodAccessorImpl.java:62)
	at sun.reflect.DelegatingMethodAccessorImpl.invoke(DelegatingMethodAccessorImpl.java:43)
	at java.lang.reflect.Method.invoke(Method.java:497)
	at junit.framework.TestCase.runTest(TestCase.java:176)
	at junit.framework.TestCase.runBare(TestCase.java:141)
	at org.springframework.test.ConditionalTestCase.runBare(ConditionalTestCase.java:69)
	at junit.framework.TestResult$1.protect(TestResult.java:122)
	at junit.framework.TestResult.runProtected(TestResult.java:142)
	at junit.framework.TestResult.run(TestResult.java:125)
	at junit.framework.TestCase.run(TestCase.java:129)
	at junit.framework.TestSuite.runTest(TestSuite.java:255)
	at junit.framework.TestSuite.run(TestSuite.java:250)
	at junit.textui.TestRunner.doRun(TestRunner.java:116)
	at junit.textui.TestRunner.doRun(TestRunner.java:109)
	at junit.textui.TestRunner.run(TestRunner.java:77)
	at junit.textui.TestRunner.run(TestRunner.java:62)
	at com.kk.message.KafkaSenderTest.main(KafkaSenderTest.java:33)
[INFO] 2015-12-25 19:41:00.917 main [kafka.utils.Logging$class.info(Logging.scala:68)]
Disconnecting from 127.0.0.1:9092

[ERROR] 2015-12-25 19:41:00.918 main [kafka.utils.Logging$$anonfun$swallowError$1.apply(Logging.scala:106)]
fetching topic metadata for topics [Set(topic123)] from broker [ArrayBuffer(id:0,host:127.0.0.1,port:9092)] failed

kafka.common.KafkaException: fetching topic metadata for topics [Set(topic123)] from broker [ArrayBuffer(id:0,host:127.0.0.1,port:9092)] failed
	at kafka.client.ClientUtils$.fetchTopicMetadata(ClientUtils.scala:72)
	at kafka.producer.BrokerPartitionInfo.updateInfo(BrokerPartitionInfo.scala:82)
	at kafka.producer.async.DefaultEventHandler$$anonfun$handle$2.apply$mcV$sp(DefaultEventHandler.scala:78)
	at kafka.utils.Utils$.swallow(Utils.scala:172)
	at kafka.utils.Logging$class.swallowError(Logging.scala:106)
	at kafka.utils.Utils$.swallowError(Utils.scala:45)
	at kafka.producer.async.DefaultEventHandler.handle(DefaultEventHandler.scala:78)
	at kafka.producer.Producer.send(Producer.scala:77)
	at kafka.javaapi.producer.Producer.send(Producer.scala:33)
	at com.kk.message.KafkaSender.send(KafkaSender.java:38)
	at com.kk.message.KafkaSenderTest.test(KafkaSenderTest.java:29)
	at sun.reflect.NativeMethodAccessorImpl.invoke0(Native Method)
	at sun.reflect.NativeMethodAccessorImpl.invoke(NativeMethodAccessorImpl.java:62)
	at sun.reflect.DelegatingMethodAccessorImpl.invoke(DelegatingMethodAccessorImpl.java:43)
	at java.lang.reflect.Method.invoke(Method.java:497)
	at junit.framework.TestCase.runTest(TestCase.java:176)
	at junit.framework.TestCase.runBare(TestCase.java:141)
	at org.springframework.test.ConditionalTestCase.runBare(ConditionalTestCase.java:69)
	at junit.framework.TestResult$1.protect(TestResult.java:122)
	at junit.framework.TestResult.runProtected(TestResult.java:142)
	at junit.framework.TestResult.run(TestResult.java:125)
	at junit.framework.TestCase.run(TestCase.java:129)
	at junit.framework.TestSuite.runTest(TestSuite.java:255)
	at junit.framework.TestSuite.run(TestSuite.java:250)
	at junit.textui.TestRunner.doRun(TestRunner.java:116)
	at junit.textui.TestRunner.doRun(TestRunner.java:109)
	at junit.textui.TestRunner.run(TestRunner.java:77)
	at junit.textui.TestRunner.run(TestRunner.java:62)
	at com.kk.message.KafkaSenderTest.main(KafkaSenderTest.java:33)
Caused by: java.nio.channels.ClosedChannelException
	at kafka.network.BlockingChannel.send(BlockingChannel.scala:100)
	at kafka.producer.SyncProducer.liftedTree1$1(SyncProducer.scala:73)
	at kafka.producer.SyncProducer.kafka$producer$SyncProducer$$doSend(SyncProducer.scala:72)
	at kafka.producer.SyncProducer.send(SyncProducer.scala:113)
	at kafka.client.ClientUtils$.fetchTopicMetadata(ClientUtils.scala:58)
	... 28 more
[DEBUG] 2015-12-25 19:41:00.918 main [kafka.utils.Logging$class.debug(Logging.scala:52)]
Getting broker partition info for topic topic123

[INFO] 2015-12-25 19:41:00.919 main [kafka.utils.Logging$class.info(Logging.scala:68)]
Fetching metadata from broker id:0,host:127.0.0.1,port:9092 with correlation id 11 for 1 topic(s) Set(topic123)

[INFO] 2015-12-25 19:41:00.920 main [kafka.utils.Logging$class.info(Logging.scala:68)]
Connected to 127.0.0.1:9092 for producing

[INFO] 2015-12-25 19:41:00.921 main [kafka.utils.Logging$class.info(Logging.scala:68)]
Disconnecting from 127.0.0.1:9092

[WARN] 2015-12-25 19:41:00.921 main [kafka.utils.Logging$class.warn(Logging.scala:89)]
Fetching topic metadata with correlation id 11 for topics [Set(topic123)] from broker [id:0,host:127.0.0.1,port:9092] failed

java.nio.channels.ClosedChannelException
	at kafka.network.BlockingChannel.send(BlockingChannel.scala:100)
	at kafka.producer.SyncProducer.liftedTree1$1(SyncProducer.scala:73)
	at kafka.producer.SyncProducer.kafka$producer$SyncProducer$$doSend(SyncProducer.scala:72)
	at kafka.producer.SyncProducer.send(SyncProducer.scala:113)
	at kafka.client.ClientUtils$.fetchTopicMetadata(ClientUtils.scala:58)
	at kafka.producer.BrokerPartitionInfo.updateInfo(BrokerPartitionInfo.scala:82)
	at kafka.producer.BrokerPartitionInfo.getBrokerPartitionInfo(BrokerPartitionInfo.scala:49)
	at kafka.producer.async.DefaultEventHandler.kafka$producer$async$DefaultEventHandler$$getPartitionListForTopic(DefaultEventHandler.scala:186)
	at kafka.producer.async.DefaultEventHandler$$anonfun$partitionAndCollate$1.apply(DefaultEventHandler.scala:150)
	at kafka.producer.async.DefaultEventHandler$$anonfun$partitionAndCollate$1.apply(DefaultEventHandler.scala:149)
	at scala.collection.mutable.ResizableArray$class.foreach(ResizableArray.scala:59)
	at scala.collection.mutable.ArrayBuffer.foreach(ArrayBuffer.scala:47)
	at kafka.producer.async.DefaultEventHandler.partitionAndCollate(DefaultEventHandler.scala:149)
	at kafka.producer.async.DefaultEventHandler.dispatchSerializedData(DefaultEventHandler.scala:95)
	at kafka.producer.async.DefaultEventHandler.handle(DefaultEventHandler.scala:72)
	at kafka.producer.Producer.send(Producer.scala:77)
	at kafka.javaapi.producer.Producer.send(Producer.scala:33)
	at com.kk.message.KafkaSender.send(KafkaSender.java:38)
	at com.kk.message.KafkaSenderTest.test(KafkaSenderTest.java:29)
	at sun.reflect.NativeMethodAccessorImpl.invoke0(Native Method)
	at sun.reflect.NativeMethodAccessorImpl.invoke(NativeMethodAccessorImpl.java:62)
	at sun.reflect.DelegatingMethodAccessorImpl.invoke(DelegatingMethodAccessorImpl.java:43)
	at java.lang.reflect.Method.invoke(Method.java:497)
	at junit.framework.TestCase.runTest(TestCase.java:176)
	at junit.framework.TestCase.runBare(TestCase.java:141)
	at org.springframework.test.ConditionalTestCase.runBare(ConditionalTestCase.java:69)
	at junit.framework.TestResult$1.protect(TestResult.java:122)
	at junit.framework.TestResult.runProtected(TestResult.java:142)
	at junit.framework.TestResult.run(TestResult.java:125)
	at junit.framework.TestCase.run(TestCase.java:129)
	at junit.framework.TestSuite.runTest(TestSuite.java:255)
	at junit.framework.TestSuite.run(TestSuite.java:250)
	at junit.textui.TestRunner.doRun(TestRunner.java:116)
	at junit.textui.TestRunner.doRun(TestRunner.java:109)
	at junit.textui.TestRunner.run(TestRunner.java:77)
	at junit.textui.TestRunner.run(TestRunner.java:62)
	at com.kk.message.KafkaSenderTest.main(KafkaSenderTest.java:33)
[INFO] 2015-12-25 19:41:00.922 main [kafka.utils.Logging$class.info(Logging.scala:68)]
Disconnecting from 127.0.0.1:9092

[ERROR] 2015-12-25 19:41:00.923 main [kafka.utils.Logging$class.error(Logging.scala:97)]
Failed to collate messages by topic, partition due to: fetching topic metadata for topics [Set(topic123)] from broker [ArrayBuffer(id:0,host:127.0.0.1,port:9092)] failed

[INFO] 2015-12-25 19:41:00.923 main [kafka.utils.Logging$class.info(Logging.scala:68)]
Back off for 100 ms before retrying send. Remaining retries = 0

[INFO] 2015-12-25 19:41:01.026 main [kafka.utils.Logging$class.info(Logging.scala:68)]
Fetching metadata from broker id:0,host:127.0.0.1,port:9092 with correlation id 12 for 1 topic(s) Set(topic123)

[INFO] 2015-12-25 19:41:01.027 main [kafka.utils.Logging$class.info(Logging.scala:68)]
Connected to 127.0.0.1:9092 for producing

[INFO] 2015-12-25 19:41:01.028 main [kafka.utils.Logging$class.info(Logging.scala:68)]
Disconnecting from 127.0.0.1:9092

[WARN] 2015-12-25 19:41:01.028 main [kafka.utils.Logging$class.warn(Logging.scala:89)]
Fetching topic metadata with correlation id 12 for topics [Set(topic123)] from broker [id:0,host:127.0.0.1,port:9092] failed

java.nio.channels.ClosedChannelException
	at kafka.network.BlockingChannel.send(BlockingChannel.scala:100)
	at kafka.producer.SyncProducer.liftedTree1$1(SyncProducer.scala:73)
	at kafka.producer.SyncProducer.kafka$producer$SyncProducer$$doSend(SyncProducer.scala:72)
	at kafka.producer.SyncProducer.send(SyncProducer.scala:113)
	at kafka.client.ClientUtils$.fetchTopicMetadata(ClientUtils.scala:58)
	at kafka.producer.BrokerPartitionInfo.updateInfo(BrokerPartitionInfo.scala:82)
	at kafka.producer.async.DefaultEventHandler$$anonfun$handle$2.apply$mcV$sp(DefaultEventHandler.scala:78)
	at kafka.utils.Utils$.swallow(Utils.scala:172)
	at kafka.utils.Logging$class.swallowError(Logging.scala:106)
	at kafka.utils.Utils$.swallowError(Utils.scala:45)
	at kafka.producer.async.DefaultEventHandler.handle(DefaultEventHandler.scala:78)
	at kafka.producer.Producer.send(Producer.scala:77)
	at kafka.javaapi.producer.Producer.send(Producer.scala:33)
	at com.kk.message.KafkaSender.send(KafkaSender.java:38)
	at com.kk.message.KafkaSenderTest.test(KafkaSenderTest.java:29)
	at sun.reflect.NativeMethodAccessorImpl.invoke0(Native Method)
	at sun.reflect.NativeMethodAccessorImpl.invoke(NativeMethodAccessorImpl.java:62)
	at sun.reflect.DelegatingMethodAccessorImpl.invoke(DelegatingMethodAccessorImpl.java:43)
	at java.lang.reflect.Method.invoke(Method.java:497)
	at junit.framework.TestCase.runTest(TestCase.java:176)
	at junit.framework.TestCase.runBare(TestCase.java:141)
	at org.springframework.test.ConditionalTestCase.runBare(ConditionalTestCase.java:69)
	at junit.framework.TestResult$1.protect(TestResult.java:122)
	at junit.framework.TestResult.runProtected(TestResult.java:142)
	at junit.framework.TestResult.run(TestResult.java:125)
	at junit.framework.TestCase.run(TestCase.java:129)
	at junit.framework.TestSuite.runTest(TestSuite.java:255)
	at junit.framework.TestSuite.run(TestSuite.java:250)
	at junit.textui.TestRunner.doRun(TestRunner.java:116)
	at junit.textui.TestRunner.doRun(TestRunner.java:109)
	at junit.textui.TestRunner.run(TestRunner.java:77)
	at junit.textui.TestRunner.run(TestRunner.java:62)
	at com.kk.message.KafkaSenderTest.main(KafkaSenderTest.java:33)
[INFO] 2015-12-25 19:41:01.029 main [kafka.utils.Logging$class.info(Logging.scala:68)]
Disconnecting from 127.0.0.1:9092

[ERROR] 2015-12-25 19:41:01.030 main [kafka.utils.Logging$$anonfun$swallowError$1.apply(Logging.scala:106)]
fetching topic metadata for topics [Set(topic123)] from broker [ArrayBuffer(id:0,host:127.0.0.1,port:9092)] failed

kafka.common.KafkaException: fetching topic metadata for topics [Set(topic123)] from broker [ArrayBuffer(id:0,host:127.0.0.1,port:9092)] failed
	at kafka.client.ClientUtils$.fetchTopicMetadata(ClientUtils.scala:72)
	at kafka.producer.BrokerPartitionInfo.updateInfo(BrokerPartitionInfo.scala:82)
	at kafka.producer.async.DefaultEventHandler$$anonfun$handle$2.apply$mcV$sp(DefaultEventHandler.scala:78)
	at kafka.utils.Utils$.swallow(Utils.scala:172)
	at kafka.utils.Logging$class.swallowError(Logging.scala:106)
	at kafka.utils.Utils$.swallowError(Utils.scala:45)
	at kafka.producer.async.DefaultEventHandler.handle(DefaultEventHandler.scala:78)
	at kafka.producer.Producer.send(Producer.scala:77)
	at kafka.javaapi.producer.Producer.send(Producer.scala:33)
	at com.kk.message.KafkaSender.send(KafkaSender.java:38)
	at com.kk.message.KafkaSenderTest.test(KafkaSenderTest.java:29)
	at sun.reflect.NativeMethodAccessorImpl.invoke0(Native Method)
	at sun.reflect.NativeMethodAccessorImpl.invoke(NativeMethodAccessorImpl.java:62)
	at sun.reflect.DelegatingMethodAccessorImpl.invoke(DelegatingMethodAccessorImpl.java:43)
	at java.lang.reflect.Method.invoke(Method.java:497)
	at junit.framework.TestCase.runTest(TestCase.java:176)
	at junit.framework.TestCase.runBare(TestCase.java:141)
	at org.springframework.test.ConditionalTestCase.runBare(ConditionalTestCase.java:69)
	at junit.framework.TestResult$1.protect(TestResult.java:122)
	at junit.framework.TestResult.runProtected(TestResult.java:142)
	at junit.framework.TestResult.run(TestResult.java:125)
	at junit.framework.TestCase.run(TestCase.java:129)
	at junit.framework.TestSuite.runTest(TestSuite.java:255)
	at junit.framework.TestSuite.run(TestSuite.java:250)
	at junit.textui.TestRunner.doRun(TestRunner.java:116)
	at junit.textui.TestRunner.doRun(TestRunner.java:109)
	at junit.textui.TestRunner.run(TestRunner.java:77)
	at junit.textui.TestRunner.run(TestRunner.java:62)
	at com.kk.message.KafkaSenderTest.main(KafkaSenderTest.java:33)
Caused by: java.nio.channels.ClosedChannelException
	at kafka.network.BlockingChannel.send(BlockingChannel.scala:100)
	at kafka.producer.SyncProducer.liftedTree1$1(SyncProducer.scala:73)
	at kafka.producer.SyncProducer.kafka$producer$SyncProducer$$doSend(SyncProducer.scala:72)
	at kafka.producer.SyncProducer.send(SyncProducer.scala:113)
	at kafka.client.ClientUtils$.fetchTopicMetadata(ClientUtils.scala:58)
	... 28 more
[ERROR] 2015-12-25 19:41:01.033 main [kafka.utils.Logging$class.error(Logging.scala:97)]
Failed to send requests for topics topic123 with correlation ids in [0,12]

[INFO] 2015-12-25 19:45:25.479 main [org.springframework.test.AbstractSingleSpringContextTests.loadContextLocations(AbstractSingleSpringContextTests.java:177)]
Loading context for locations: classpath:context.xml

[INFO] 2015-12-25 19:45:26.195 main [kafka.utils.Logging$class.info(Logging.scala:68)]
Verifying properties

[INFO] 2015-12-25 19:45:26.241 main [kafka.utils.Logging$class.info(Logging.scala:68)]
Property message.send.max.retries is overridden to 5

[INFO] 2015-12-25 19:45:26.242 main [kafka.utils.Logging$class.info(Logging.scala:68)]
Property metadata.broker.list is overridden to 127.0.0.1:9092

[INFO] 2015-12-25 19:45:26.243 main [kafka.utils.Logging$class.info(Logging.scala:68)]
Property request.required.acks is overridden to 1

[INFO] 2015-12-25 19:45:26.244 main [kafka.utils.Logging$class.info(Logging.scala:68)]
Property serializer.class is overridden to kafka.serializer.StringEncoder

[INFO] 2015-12-25 19:45:26.244 main [kafka.utils.Logging$class.info(Logging.scala:68)]
Property topic.metadata.refresh.interval.ms is overridden to 3600000

[DEBUG] 2015-12-25 19:45:26.334 main [kafka.utils.Logging$class.debug(Logging.scala:52)]
Handling 1 events

[INFO] 2015-12-25 19:45:26.371 main [kafka.utils.Logging$class.info(Logging.scala:68)]
Fetching metadata from broker id:0,host:127.0.0.1,port:9092 with correlation id 0 for 1 topic(s) Set(topic123)

[DEBUG] 2015-12-25 19:45:26.455 main [kafka.utils.Logging$class.debug(Logging.scala:52)]
Created socket with SO_TIMEOUT = 10000 (requested 10000), SO_RCVBUF = 408300 (requested -1), SO_SNDBUF = 114324 (requested 102400), connectTimeoutMs = 10000.

[INFO] 2015-12-25 19:45:26.456 main [kafka.utils.Logging$class.info(Logging.scala:68)]
Connected to 127.0.0.1:9092 for producing

[INFO] 2015-12-25 19:45:26.785 main [kafka.utils.Logging$class.info(Logging.scala:68)]
Disconnecting from 127.0.0.1:9092

[DEBUG] 2015-12-25 19:45:26.791 main [kafka.utils.Logging$class.debug(Logging.scala:52)]
Successfully fetched metadata for 1 topic(s) Set(topic123)

[WARN] 2015-12-25 19:45:26.828 main [kafka.utils.Logging$class.warn(Logging.scala:83)]
Error while fetching metadata [{TopicMetadata for topic topic123 -> 
No partition metadata for topic topic123 due to kafka.common.LeaderNotAvailableException}] for topic [topic123]: class kafka.common.LeaderNotAvailableException 

[DEBUG] 2015-12-25 19:45:26.832 main [kafka.utils.Logging$class.debug(Logging.scala:52)]
Getting broker partition info for topic topic123

[INFO] 2015-12-25 19:45:26.833 main [kafka.utils.Logging$class.info(Logging.scala:68)]
Fetching metadata from broker id:0,host:127.0.0.1,port:9092 with correlation id 1 for 1 topic(s) Set(topic123)

[DEBUG] 2015-12-25 19:45:26.836 main [kafka.utils.Logging$class.debug(Logging.scala:52)]
Created socket with SO_TIMEOUT = 10000 (requested 10000), SO_RCVBUF = 408300 (requested -1), SO_SNDBUF = 114324 (requested 102400), connectTimeoutMs = 10000.

[INFO] 2015-12-25 19:45:26.837 main [kafka.utils.Logging$class.info(Logging.scala:68)]
Connected to 127.0.0.1:9092 for producing

[INFO] 2015-12-25 19:45:26.842 main [kafka.utils.Logging$class.info(Logging.scala:68)]
Disconnecting from 127.0.0.1:9092

[DEBUG] 2015-12-25 19:45:26.843 main [kafka.utils.Logging$class.debug(Logging.scala:52)]
Successfully fetched metadata for 1 topic(s) Set(topic123)

[WARN] 2015-12-25 19:45:26.845 main [kafka.utils.Logging$class.warn(Logging.scala:83)]
Error while fetching metadata [{TopicMetadata for topic topic123 -> 
No partition metadata for topic topic123 due to kafka.common.LeaderNotAvailableException}] for topic [topic123]: class kafka.common.LeaderNotAvailableException 

[ERROR] 2015-12-25 19:45:26.846 main [kafka.utils.Logging$class.error(Logging.scala:97)]
Failed to collate messages by topic, partition due to: Failed to fetch topic metadata for topic: topic123

[INFO] 2015-12-25 19:45:26.848 main [kafka.utils.Logging$class.info(Logging.scala:68)]
Back off for 100 ms before retrying send. Remaining retries = 5

[INFO] 2015-12-25 19:45:26.952 main [kafka.utils.Logging$class.info(Logging.scala:68)]
Fetching metadata from broker id:0,host:127.0.0.1,port:9092 with correlation id 2 for 1 topic(s) Set(topic123)

[DEBUG] 2015-12-25 19:45:26.953 main [kafka.utils.Logging$class.debug(Logging.scala:52)]
Created socket with SO_TIMEOUT = 10000 (requested 10000), SO_RCVBUF = 408300 (requested -1), SO_SNDBUF = 114324 (requested 102400), connectTimeoutMs = 10000.

[INFO] 2015-12-25 19:45:26.953 main [kafka.utils.Logging$class.info(Logging.scala:68)]
Connected to 127.0.0.1:9092 for producing

[INFO] 2015-12-25 19:45:26.960 main [kafka.utils.Logging$class.info(Logging.scala:68)]
Disconnecting from 127.0.0.1:9092

[DEBUG] 2015-12-25 19:45:26.961 main [kafka.utils.Logging$class.debug(Logging.scala:52)]
Successfully fetched metadata for 1 topic(s) Set(topic123)

[WARN] 2015-12-25 19:45:26.962 main [kafka.utils.Logging$class.warn(Logging.scala:83)]
Error while fetching metadata [{TopicMetadata for topic topic123 -> 
No partition metadata for topic topic123 due to kafka.common.LeaderNotAvailableException}] for topic [topic123]: class kafka.common.LeaderNotAvailableException 

[DEBUG] 2015-12-25 19:45:26.963 main [kafka.utils.Logging$class.debug(Logging.scala:52)]
Getting broker partition info for topic topic123

[INFO] 2015-12-25 19:45:26.963 main [kafka.utils.Logging$class.info(Logging.scala:68)]
Fetching metadata from broker id:0,host:127.0.0.1,port:9092 with correlation id 3 for 1 topic(s) Set(topic123)

[DEBUG] 2015-12-25 19:45:26.965 main [kafka.utils.Logging$class.debug(Logging.scala:52)]
Created socket with SO_TIMEOUT = 10000 (requested 10000), SO_RCVBUF = 408300 (requested -1), SO_SNDBUF = 114324 (requested 102400), connectTimeoutMs = 10000.

[INFO] 2015-12-25 19:45:26.965 main [kafka.utils.Logging$class.info(Logging.scala:68)]
Connected to 127.0.0.1:9092 for producing

[INFO] 2015-12-25 19:45:26.979 main [kafka.utils.Logging$class.info(Logging.scala:68)]
Disconnecting from 127.0.0.1:9092

[DEBUG] 2015-12-25 19:45:26.979 main [kafka.utils.Logging$class.debug(Logging.scala:52)]
Successfully fetched metadata for 1 topic(s) Set(topic123)

[WARN] 2015-12-25 19:45:26.980 main [kafka.utils.Logging$class.warn(Logging.scala:83)]
Error while fetching metadata [{TopicMetadata for topic topic123 -> 
No partition metadata for topic topic123 due to kafka.common.LeaderNotAvailableException}] for topic [topic123]: class kafka.common.LeaderNotAvailableException 

[ERROR] 2015-12-25 19:45:26.981 main [kafka.utils.Logging$class.error(Logging.scala:97)]
Failed to collate messages by topic, partition due to: Failed to fetch topic metadata for topic: topic123

[INFO] 2015-12-25 19:45:26.981 main [kafka.utils.Logging$class.info(Logging.scala:68)]
Back off for 100 ms before retrying send. Remaining retries = 4

[INFO] 2015-12-25 19:45:27.085 main [kafka.utils.Logging$class.info(Logging.scala:68)]
Fetching metadata from broker id:0,host:127.0.0.1,port:9092 with correlation id 4 for 1 topic(s) Set(topic123)

[DEBUG] 2015-12-25 19:45:27.087 main [kafka.utils.Logging$class.debug(Logging.scala:52)]
Created socket with SO_TIMEOUT = 10000 (requested 10000), SO_RCVBUF = 408300 (requested -1), SO_SNDBUF = 114324 (requested 102400), connectTimeoutMs = 10000.

[INFO] 2015-12-25 19:45:27.088 main [kafka.utils.Logging$class.info(Logging.scala:68)]
Connected to 127.0.0.1:9092 for producing

[INFO] 2015-12-25 19:45:27.131 main [kafka.utils.Logging$class.info(Logging.scala:68)]
Disconnecting from 127.0.0.1:9092

[DEBUG] 2015-12-25 19:45:27.132 main [kafka.utils.Logging$class.debug(Logging.scala:52)]
Successfully fetched metadata for 1 topic(s) Set(topic123)

[DEBUG] 2015-12-25 19:45:27.134 main [kafka.utils.Logging$class.debug(Logging.scala:52)]
Getting broker partition info for topic topic123

[DEBUG] 2015-12-25 19:45:27.137 main [kafka.utils.Logging$class.debug(Logging.scala:52)]
Partition [topic123,0] has leader 0

[DEBUG] 2015-12-25 19:45:27.145 main [kafka.utils.Logging$class.debug(Logging.scala:52)]
Broker partitions registered for topic: topic123 are 0

[DEBUG] 2015-12-25 19:45:27.173 main [kafka.utils.Logging$class.debug(Logging.scala:52)]
Sending 1 messages with no compression to [topic123,0]

[DEBUG] 2015-12-25 19:45:27.214 main [kafka.utils.Logging$class.debug(Logging.scala:52)]
Producer sending messages with correlation id 6 for topics [topic123,0] to broker 0 on 192.168.20.136:9092

[DEBUG] 2015-12-25 19:45:27.243 main [kafka.utils.Logging$class.debug(Logging.scala:52)]
Created socket with SO_TIMEOUT = 10000 (requested 10000), SO_RCVBUF = 408300 (requested -1), SO_SNDBUF = 114324 (requested 102400), connectTimeoutMs = 10000.

[INFO] 2015-12-25 19:45:27.244 main [kafka.utils.Logging$class.info(Logging.scala:68)]
Connected to 192.168.20.136:9092 for producing

[DEBUG] 2015-12-25 19:45:27.339 main [kafka.utils.Logging$class.debug(Logging.scala:52)]
Producer sent messages with correlation id 6 for topics [topic123,0] to broker 0 on 192.168.20.136:9092

[DEBUG] 2015-12-25 19:45:27.345 main [com.kk.message.KafkaSender.send(KafkaSender.java:40)]
Send msg. topic='topic123',msg='message123'

